\BOOKMARK [0][-]{chapter.1}{RIPE Atlas}{}% 1
\BOOKMARK [1][-]{section.1.1}{Introduction}{chapter.1}% 2
\BOOKMARK [1][-]{section.1.2}{A propos RIPE NCC}{chapter.1}% 3
\BOOKMARK [1][-]{section.1.3}{Pr\351sentation du projet RIPE Atlas }{chapter.1}% 4
\BOOKMARK [2][-]{subsection.1.3.1}{Les mesures actives et passives de l'Internet}{section.1.3}% 5
\BOOKMARK [2][-]{subsection.1.3.2}{G\351n\351ralit\351s sur les sondes Atlas}{section.1.3}% 6
\BOOKMARK [2][-]{subsection.1.3.3}{Les g\351n\351rations des sondes Atlas }{section.1.3}% 7
\BOOKMARK [2][-]{subsection.1.3.4}{Les versions du firmware des sondes Atlas}{section.1.3}% 8
\BOOKMARK [2][-]{subsection.1.3.5}{La connexion des sondes Atlas \340 Internet}{section.1.3}% 9
\BOOKMARK [2][-]{subsection.1.3.6}{Architecture du syst\350me RIPE Atlas}{section.1.3}% 10
\BOOKMARK [2][-]{subsection.1.3.7}{Les sondes Atlas et la vie priv\351e}{section.1.3}% 11
\BOOKMARK [2][-]{subsection.1.3.8}{La s\351curit\351 dans RIPE Atlas}{section.1.3}% 12
\BOOKMARK [2][-]{subsection.1.3.9}{Les ancres VS sondes Atlas}{section.1.3}% 13
\BOOKMARK [2][-]{subsection.1.3.10}{Les mesures int\351gr\351es : Built-in }{section.1.3}% 14
\BOOKMARK [2][-]{subsection.1.3.11}{Le syst\350me de cr\351dits Atlas}{section.1.3}% 15
\BOOKMARK [2][-]{subsection.1.3.12}{Les mesures personnalis\351es : User Defined mesurement}{section.1.3}% 16
\BOOKMARK [2][-]{subsection.1.3.13}{La s\351lection des sondes Atlas}{section.1.3}% 17
\BOOKMARK [2][-]{subsection.1.3.14}{Les sources de donn\351es Atlas}{section.1.3}% 18
\BOOKMARK [2][-]{subsection.1.3.15}{Les limitations du RIPE Atlas}{section.1.3}% 19
\BOOKMARK [2][-]{subsection.1.3.16}{Confiance aux donn\351es Atlas}{section.1.3}% 20
\BOOKMARK [1][-]{section.1.4}{Projets existants de mesures d'Internet}{chapter.1}% 21
\BOOKMARK [2][-]{subsection.1.4.1}{Test Traffic Measurement Service}{section.1.4}% 22
\BOOKMARK [2][-]{subsection.1.4.2}{ProbeAPI}{section.1.4}% 23
\BOOKMARK [2][-]{subsection.1.4.3}{Archipelago}{section.1.4}% 24
\BOOKMARK [2][-]{subsection.1.4.4}{DIMES}{section.1.4}% 25
\BOOKMARK [2][-]{subsection.1.4.5}{SamKnows}{section.1.4}% 26
\BOOKMARK [1][-]{section.1.5}{Quelques cas d'utilisation des donn\351es collect\351es par les sondes Atlas}{chapter.1}% 27
\BOOKMARK [2][-]{subsection.1.5.1}{D\351tection des coupures d'Internet}{section.1.5}% 28
\BOOKMARK [2][-]{subsection.1.5.2}{Aide \340 la prise de d\351cision}{section.1.5}% 29
\BOOKMARK [2][-]{subsection.1.5.3}{Le suivi des censures}{section.1.5}% 30
\BOOKMARK [2][-]{subsection.1.5.4}{Le suivi des performances d'un r\351seau}{section.1.5}% 31
\BOOKMARK [2][-]{subsection.1.5.5}{Le suivi des d\351tours dans un trafic local}{section.1.5}% 32
\BOOKMARK [2][-]{subsection.1.5.6}{Visualisation : indicateurs et dashboard}{section.1.5}% 33
\BOOKMARK [1][-]{section.1.6}{Conclusion}{chapter.1}% 34
\BOOKMARK [0][-]{chapter.2}{La d\351tection des anomalies dans les d\351lais d'un lien}{}% 35
\BOOKMARK [1][-]{section.2.1}{Pr\351sentation g\351n\351rale }{chapter.2}% 36
\BOOKMARK [1][-]{section.2.2}{Pourquoi analyser les d\351lais des liens r\351seaux}{chapter.2}% 37
\BOOKMARK [1][-]{section.2.3}{L'\351tude des d\351lais des liens }{chapter.2}% 38
\BOOKMARK [2][-]{subsection.2.3.1}{Les donn\351es utilis\351es dans l'analyse des d\351lais}{section.2.3}% 39
\BOOKMARK [2][-]{subsection.2.3.2}{Le principe de la d\351tection des changements des d\351lais}{section.2.3}% 40
\BOOKMARK [1][-]{section.2.4}{L'\351tude des d\351lais des liens en pratique : l'\351volution du RTT diff\351rentiel des liens}{chapter.2}% 41
\BOOKMARK [2][-]{subsection.2.4.1}{Les \351tapes principales de d\351tection}{section.2.4}% 42
\BOOKMARK [2][-]{subsection.2.4.2}{Description des param\350tres de l'analyse des d\351lais}{section.2.4}% 43
\BOOKMARK [2][-]{subsection.2.4.3}{L'\351volution du RTT diff\351rentiel d'un lien et la d\351tection des anomalies}{section.2.4}% 44
\BOOKMARK [2][-]{subsection.2.4.4}{Processus de d\351tection des anomalies }{section.2.4}% 45
\BOOKMARK [2][-]{subsection.2.4.5}{Vue globale des \351tapes de d\351tection}{section.2.4}% 46
\BOOKMARK [1][-]{section.2.5}{Conclusion}{chapter.2}% 47
\BOOKMARK [0][-]{chapter.3}{Important \340 savoir}{}% 48
\BOOKMARK [1][-]{section.3.1}{Pourquoi \340 partir des temps RTTs bruts on arrive \340 d\351tecter les anomalies?}{chapter.3}% 49
\BOOKMARK [1][-]{section.3.2}{Rappel}{chapter.3}% 50
\BOOKMARK [1][-]{section.3.3}{Processus de d\351tection des anomalies}{chapter.3}% 51
\BOOKMARK [2][-]{subsection.3.3.1}{Les phases de la d\351tection }{section.3.3}% 52
\BOOKMARK [2][-]{subsection.3.3.2}{Exemple illustratif }{section.3.3}% 53
\BOOKMARK [1][-]{section.3.4}{Impl\351mentation Spark/Scala}{chapter.3}% 54
\BOOKMARK [0][-]{chapter.4}{Introduction au Big Data}{}% 55
\BOOKMARK [1][-]{section.4.1}{Introduction}{chapter.4}% 56
\BOOKMARK [1][-]{section.4.2}{Processus d'analyse de donn\351es massives}{chapter.4}% 57
\BOOKMARK [1][-]{section.4.3}{Quelques concepts associ\351s au Big Data}{chapter.4}% 58
\BOOKMARK [2][-]{subsection.4.3.1}{D\351finition du Big Data : Volume, V\351locit\351, Vari\351t\351 et V\351racit\351}{section.4.3}% 59
\BOOKMARK [2][-]{subsection.4.3.2}{L'architecture standard du Big Data}{section.4.3}% 60
\BOOKMARK [2][-]{subsection.4.3.3}{Les bases de donn\351es NoSQL \(Not Only SQL\) }{section.4.3}% 61
\BOOKMARK [2][-]{subsection.4.3.4}{Schema on Write VS Schema on Read}{section.4.3}% 62
\BOOKMARK [2][-]{subsection.4.3.5}{L'informatique distribu\351e et l'analyse de donn\351es massives}{section.4.3}% 63
\BOOKMARK [1][-]{section.4.4}{Parcours de quelques technologies du Big Data}{chapter.4}% 64
\BOOKMARK [2][-]{subsection.4.4.1}{MongoDB}{section.4.4}% 65
\BOOKMARK [2][-]{subsection.4.4.2}{Amazon DynamoDB}{section.4.4}% 66
\BOOKMARK [2][-]{subsection.4.4.3}{Amazon S3, Amazon Glue et Amazon Athena }{section.4.4}% 67
\BOOKMARK [2][-]{subsection.4.4.4}{Apache Spark }{section.4.4}% 68
\BOOKMARK [1][-]{section.4.5}{Conclusion}{chapter.4}% 69
\BOOKMARK [0][-]{chapter.5}{Impl\351mentation de la d\351tection des anomalies dans les d\351lais en Spark/Scala}{}% 70
\BOOKMARK [1][-]{section.5.1}{Introduction}{chapter.5}% 71
\BOOKMARK [1][-]{section.5.2}{Impl\351mentation}{chapter.5}% 72
\BOOKMARK [2][-]{subsection.5.2.1}{Description de l'environnement}{section.5.2}% 73
\BOOKMARK [2][-]{subsection.5.2.2}{El\351ments de l'impl\351mentation}{section.5.2}% 74
\BOOKMARK [2][-]{subsection.5.2.3}{Ex\351cution d'une application Spark}{section.5.2}% 75
\BOOKMARK [1][-]{section.5.3}{Conclusion}{chapter.5}% 76
\BOOKMARK [0][-]{chapter.6}{Application de quelques technologies Big Data sur l'analyse des traceroutes}{}% 77
\BOOKMARK [1][-]{section.6.1}{Introduction}{chapter.6}% 78
\BOOKMARK [1][-]{section.6.2}{Crit\350res d'\351valuation des technologies Big Data}{chapter.6}% 79
\BOOKMARK [1][-]{section.6.3}{Caract\351ristiques de l'environnement de test}{chapter.6}% 80
\BOOKMARK [1][-]{section.6.4}{Application 1 : MongoDB}{chapter.6}% 81
\BOOKMARK [1][-]{section.6.5}{Application 2 : Amazon DynamoDB}{chapter.6}% 82
\BOOKMARK [1][-]{section.6.6}{Application 3 : Amazon S3, Amazon Glue et Amazon Athena }{chapter.6}% 83
\BOOKMARK [1][-]{section.6.7}{Application 4 : Spark Apache avec Scala}{chapter.6}% 84
\BOOKMARK [1][-]{section.6.8}{R\351capitulatif}{chapter.6}% 85
\BOOKMARK [1][-]{section.6.9}{Conclusion}{chapter.6}% 86
\BOOKMARK [0][-]{appendix.A}{Amazon Athena }{}% 87
\BOOKMARK [1][-]{section.A.1}{Cr\351ation de la table traceroutes }{appendix.A}% 88
\BOOKMARK [1][-]{section.A.2}{Partitionnement de donn\351es sur Amazon Athena }{appendix.A}% 89
\BOOKMARK [2][-]{subsection.A.2.1}{Pr\351sentation du partitionnement}{section.A.2}% 90
\BOOKMARK [2][-]{subsection.A.2.2}{Application du partitionnement sur les traceroutes Atlas}{section.A.2}% 91
\BOOKMARK [2][-]{subsection.A.2.3}{L'interrogation de donn\351es sur Amazon Athena}{section.A.2}% 92
\BOOKMARK [0][-]{appendix.B}{Exemple d'une r\351ponse traceroute}{}% 93
