\BOOKMARK [0][-]{chapter.1}{RIPE\040Atlas}{}% 1
\BOOKMARK [1][-]{section.1.1}{Introduction}{chapter.1}% 2
\BOOKMARK [1][-]{section.1.2}{A\040propos\040RIPE\040NCC}{chapter.1}% 3
\BOOKMARK [1][-]{section.1.3}{Présentation du projet RIPE Atlas }{chapter.1}% 4
\BOOKMARK [2][-]{subsection.1.3.1}{Les\040mesures\040actives\040et\040passives\040de\040l'Internet}{section.1.3}% 5
\BOOKMARK [2][-]{subsection.1.3.2}{Généralités sur les sondes Atlas}{section.1.3}% 6
\BOOKMARK [2][-]{subsection.1.3.3}{Les générations des sondes Atlas }{section.1.3}% 7
\BOOKMARK [2][-]{subsection.1.3.4}{Les\040versions\040du\040firmware\040des\040sondes\040Atlas}{section.1.3}% 8
\BOOKMARK [2][-]{subsection.1.3.5}{La connexion des sondes Atlas à Internet}{section.1.3}% 9
\BOOKMARK [2][-]{subsection.1.3.6}{Architecture du système RIPE Atlas}{section.1.3}% 10
\BOOKMARK [2][-]{subsection.1.3.7}{Les sondes Atlas et la vie privée}{section.1.3}% 11
\BOOKMARK [2][-]{subsection.1.3.8}{La sécurité dans RIPE Atlas}{section.1.3}% 12
\BOOKMARK [2][-]{subsection.1.3.9}{Les\040ancres\040VS\040sondes\040Atlas}{section.1.3}% 13
\BOOKMARK [2][-]{subsection.1.3.10}{Les mesures intégrées : Built-in }{section.1.3}% 14
\BOOKMARK [2][-]{subsection.1.3.11}{Le système de crédits Atlas}{section.1.3}% 15
\BOOKMARK [2][-]{subsection.1.3.12}{Les mesures personnalisées : User Defined mesurement}{section.1.3}% 16
\BOOKMARK [2][-]{subsection.1.3.13}{La sélection des sondes Atlas}{section.1.3}% 17
\BOOKMARK [2][-]{subsection.1.3.14}{Les sources de données Atlas}{section.1.3}% 18
\BOOKMARK [2][-]{subsection.1.3.15}{Les\040limitations\040du\040RIPE\040Atlas}{section.1.3}% 19
\BOOKMARK [2][-]{subsection.1.3.16}{Confiance aux données Atlas}{section.1.3}% 20
\BOOKMARK [1][-]{section.1.4}{Projets\040existants\040de\040mesures\040d'Internet}{chapter.1}% 21
\BOOKMARK [2][-]{subsection.1.4.1}{Test\040Traffic\040Measurement\040Service}{section.1.4}% 22
\BOOKMARK [2][-]{subsection.1.4.2}{ProbeAPI}{section.1.4}% 23
\BOOKMARK [2][-]{subsection.1.4.3}{Archipelago}{section.1.4}% 24
\BOOKMARK [2][-]{subsection.1.4.4}{DIMES}{section.1.4}% 25
\BOOKMARK [2][-]{subsection.1.4.5}{SamKnows}{section.1.4}% 26
\BOOKMARK [1][-]{section.1.5}{Quelques cas d'utilisation des données collectées par les sondes Atlas}{chapter.1}% 27
\BOOKMARK [2][-]{subsection.1.5.1}{Détection des coupures d'Internet}{section.1.5}% 28
\BOOKMARK [2][-]{subsection.1.5.2}{Aide à la prise de décision}{section.1.5}% 29
\BOOKMARK [2][-]{subsection.1.5.3}{Le\040suivi\040des\040censures}{section.1.5}% 30
\BOOKMARK [2][-]{subsection.1.5.4}{Le suivi des performances d'un réseau}{section.1.5}% 31
\BOOKMARK [2][-]{subsection.1.5.5}{Le suivi des détours dans un trafic local}{section.1.5}% 32
\BOOKMARK [2][-]{subsection.1.5.6}{Visualisation\040:\040indicateurs\040et\040dashboard}{section.1.5}% 33
\BOOKMARK [1][-]{section.1.6}{Conclusion}{chapter.1}% 34
\BOOKMARK [0][-]{chapter.2}{La détection des anomalies dans les délais d'un lien}{}% 35
\BOOKMARK [1][-]{section.2.1}{Présentation générale }{chapter.2}% 36
\BOOKMARK [1][-]{section.2.2}{Pourquoi analyser les délais des liens réseaux}{chapter.2}% 37
\BOOKMARK [1][-]{section.2.3}{L'étude des délais des liens }{chapter.2}% 38
\BOOKMARK [2][-]{subsection.2.3.1}{Les données utilisées dans l'analyse des délais}{section.2.3}% 39
\BOOKMARK [2][-]{subsection.2.3.2}{Le principe de la détection des changements des délais}{section.2.3}% 40
\BOOKMARK [1][-]{section.2.4}{L'étude des délais des liens en pratique : l'évolution du RTT différentiel des liens}{chapter.2}% 41
\BOOKMARK [2][-]{subsection.2.4.1}{Les étapes principales de détection}{section.2.4}% 42
\BOOKMARK [2][-]{subsection.2.4.2}{Description des paramètres de l'analyse des délais}{section.2.4}% 43
\BOOKMARK [2][-]{subsection.2.4.3}{L'évolution du RTT différentiel d'un lien et la détection des anomalies}{section.2.4}% 44
\BOOKMARK [2][-]{subsection.2.4.4}{Processus de détection des anomalies }{section.2.4}% 45
\BOOKMARK [2][-]{subsection.2.4.5}{Vue globale des étapes de détection}{section.2.4}% 46
\BOOKMARK [1][-]{section.2.5}{Conclusion}{chapter.2}% 47
\BOOKMARK [0][-]{chapter.3}{Introduction\040au\040Big\040Data}{}% 48
\BOOKMARK [1][-]{section.3.1}{Introduction}{chapter.3}% 49
\BOOKMARK [1][-]{section.3.2}{Processus d'analyse de données massives}{chapter.3}% 50
\BOOKMARK [1][-]{section.3.3}{Quelques concepts associés au Big Data}{chapter.3}% 51
\BOOKMARK [2][-]{subsection.3.3.1}{Définition du Big Data : Volume, Vélocité, Variété et Véracité}{section.3.3}% 52
\BOOKMARK [2][-]{subsection.3.3.2}{L'architecture\040standard\040du\040Big\040Data}{section.3.3}% 53
\BOOKMARK [2][-]{subsection.3.3.3}{Les bases de données NoSQL \(Not Only SQL\) }{section.3.3}% 54
\BOOKMARK [2][-]{subsection.3.3.4}{Schema\040on\040Write\040VS\040Schema\040on\040Read}{section.3.3}% 55
\BOOKMARK [2][-]{subsection.3.3.5}{L'informatique distribuée et l'analyse de données massives}{section.3.3}% 56
\BOOKMARK [1][-]{section.3.4}{Parcours\040de\040quelques\040technologies\040du\040Big\040Data}{chapter.3}% 57
\BOOKMARK [2][-]{subsection.3.4.1}{MongoDB}{section.3.4}% 58
\BOOKMARK [2][-]{subsection.3.4.2}{Amazon\040DynamoDB}{section.3.4}% 59
\BOOKMARK [2][-]{subsection.3.4.3}{Amazon\040S3,\040Amazon\040Glue\040et\040Amazon\040Athena\040}{section.3.4}% 60
\BOOKMARK [2][-]{subsection.3.4.4}{Apache\040Spark\040}{section.3.4}% 61
\BOOKMARK [1][-]{section.3.5}{Conclusion}{chapter.3}% 62
\BOOKMARK [0][-]{chapter.4}{Implémentation}{}% 63
\BOOKMARK [1][-]{section.4.1}{Algorithme de détection }{chapter.4}% 64
\BOOKMARK [0][-]{chapter.5}{Application\040de\040quelques\040technologies\040Big\040Data\040sur\040l'analyse\040des\040traceroutes}{}% 65
\BOOKMARK [1][-]{section.5.1}{Introduction}{chapter.5}% 66
\BOOKMARK [1][-]{section.5.2}{Critères d'évaluation des technologies Big Data}{chapter.5}% 67
\BOOKMARK [1][-]{section.5.3}{Caractéristiques de l'environnement de test}{chapter.5}% 68
\BOOKMARK [1][-]{section.5.4}{Application\0401\040:\040MongoDB}{chapter.5}% 69
\BOOKMARK [1][-]{section.5.5}{Application\0402\040:\040Amazon\040DynamoDB}{chapter.5}% 70
\BOOKMARK [1][-]{section.5.6}{Application\0403\040:\040Amazon\040S3,\040Amazon\040Glue\040et\040Amazon\040Athena\040}{chapter.5}% 71
\BOOKMARK [1][-]{section.5.7}{Application\0404\040:\040Spark\040Apache\040avec\040Scala}{chapter.5}% 72
\BOOKMARK [1][-]{section.5.8}{Récapitulatif}{chapter.5}% 73
\BOOKMARK [1][-]{section.5.9}{Conclusion}{chapter.5}% 74
\BOOKMARK [0][-]{appendix.A}{Amazon\040Athena\040}{}% 75
\BOOKMARK [1][-]{section.A.1}{Création de la table traceroutes }{appendix.A}% 76
\BOOKMARK [1][-]{section.A.2}{Partitionnement de données sur Amazon Athena }{appendix.A}% 77
\BOOKMARK [2][-]{subsection.A.2.1}{Présentation du partitionnement}{section.A.2}% 78
\BOOKMARK [2][-]{subsection.A.2.2}{Application\040du\040partitionnement\040sur\040les\040traceroutes\040Atlas}{section.A.2}% 79
\BOOKMARK [2][-]{subsection.A.2.3}{L'interrogation de données sur Amazon Athena}{section.A.2}% 80
\BOOKMARK [0][-]{appendix.B}{La détection d'anomalies en Spark/Scala}{}% 81
\BOOKMARK [1][-]{section.B.1}{Les\040case\040class\040}{appendix.B}% 82
\BOOKMARK [1][-]{section.B.2}{Processus}{appendix.B}% 83
\BOOKMARK [0][-]{appendix.C}{\040Central\040Limit\040Theorem\040\(CLT}{}% 84
\BOOKMARK [0][-]{appendix.D}{Important à savoir}{}% 85
\BOOKMARK [1][-]{section.D.1}{Pourquoi à partir des temps RTTs bruts on arrive à détecter les anomalies?}{appendix.D}% 86
\BOOKMARK [1][-]{section.D.2}{Rappel}{appendix.D}% 87
\BOOKMARK [1][-]{section.D.3}{Processus de détection des anomalies}{appendix.D}% 88
\BOOKMARK [2][-]{subsection.D.3.1}{Les phases de la détection }{section.D.3}% 89
\BOOKMARK [2][-]{subsection.D.3.2}{Exemple\040illustratif\040}{section.D.3}% 90
\BOOKMARK [1][-]{section.D.4}{Implémentation Spark/Scala}{appendix.D}% 91
\BOOKMARK [0][-]{appendix.E}{Exemple d'une réponse traceroute}{}% 92
